== Sinatra/1.3.3 has taken the stage on 4566 for development with backup from Thin
== Sinatra/1.3.3 has taken the stage on 4566 for development with backup from Thin
== Sinatra/1.3.3 has taken the stage on 4566 for development with backup from Thin
== Sinatra/1.3.3 has taken the stage on 4566 for development with backup from Thin
== Sinatra/1.3.3 has taken the stage on 4566 for development with backup from Thin
/home/fetcher/.rvm/gems/ruby-1.9.3-p327/gems/eventmachine-1.0.0/lib/eventmachine.rb:526:in `start_tcp_server': no acceptor (port is in use or requires root privileges) (RuntimeError)
	from /home/fetcher/.rvm/gems/ruby-1.9.3-p327/gems/eventmachine-1.0.0/lib/eventmachine.rb:526:in `start_server'
	from /home/fetcher/.rvm/gems/ruby-1.9.3-p327/gems/thin-1.5.0/lib/thin/backends/tcp_server.rb:16:in `connect'
	from /home/fetcher/.rvm/gems/ruby-1.9.3-p327/gems/thin-1.5.0/lib/thin/backends/base.rb:55:in `block in start'
	from /home/fetcher/.rvm/gems/ruby-1.9.3-p327/gems/eventmachine-1.0.0/lib/eventmachine.rb:187:in `call'
	from /home/fetcher/.rvm/gems/ruby-1.9.3-p327/gems/eventmachine-1.0.0/lib/eventmachine.rb:187:in `run_machine'
	from /home/fetcher/.rvm/gems/ruby-1.9.3-p327/gems/eventmachine-1.0.0/lib/eventmachine.rb:187:in `run'
	from /home/fetcher/.rvm/gems/ruby-1.9.3-p327/gems/thin-1.5.0/lib/thin/backends/base.rb:63:in `start'
	from /home/fetcher/.rvm/gems/ruby-1.9.3-p327/gems/thin-1.5.0/lib/thin/server.rb:159:in `start'
	from /home/fetcher/.rvm/gems/ruby-1.9.3-p327/gems/rack-1.4.1/lib/rack/handler/thin.rb:13:in `run'
	from /home/fetcher/.rvm/gems/ruby-1.9.3-p327/gems/sinatra-1.3.3/lib/sinatra/base.rb:1350:in `run!'
	from run_register.rb:3:in `<main>'
>> Thin web server (v1.5.0 codename Knife)
>> Maximum connections set to 1024
>> Listening on 0.0.0.0:4566, CTRL+C to stop
== Sinatra/1.3.3 has taken the stage on 4566 for development with backup from Thin
== Sinatra/1.3.3 has taken the stage on 4566 for development with backup from Thin
/home/fetcher/.rvm/gems/ruby-1.9.3-p327/gems/eventmachine-1.0.0/lib/eventmachine.rb:526:in `start_tcp_server': no acceptor (port is in use or requires root privileges) (RuntimeError)
	from /home/fetcher/.rvm/gems/ruby-1.9.3-p327/gems/eventmachine-1.0.0/lib/eventmachine.rb:526:in `start_server'
	from /home/fetcher/.rvm/gems/ruby-1.9.3-p327/gems/thin-1.5.0/lib/thin/backends/tcp_server.rb:16:in `connect'
	from /home/fetcher/.rvm/gems/ruby-1.9.3-p327/gems/thin-1.5.0/lib/thin/backends/base.rb:55:in `block in start'
	from /home/fetcher/.rvm/gems/ruby-1.9.3-p327/gems/eventmachine-1.0.0/lib/eventmachine.rb:187:in `call'
	from /home/fetcher/.rvm/gems/ruby-1.9.3-p327/gems/eventmachine-1.0.0/lib/eventmachine.rb:187:in `run_machine'
	from /home/fetcher/.rvm/gems/ruby-1.9.3-p327/gems/eventmachine-1.0.0/lib/eventmachine.rb:187:in `run'
	from /home/fetcher/.rvm/gems/ruby-1.9.3-p327/gems/thin-1.5.0/lib/thin/backends/base.rb:63:in `start'
	from /home/fetcher/.rvm/gems/ruby-1.9.3-p327/gems/thin-1.5.0/lib/thin/server.rb:159:in `start'
	from /home/fetcher/.rvm/gems/ruby-1.9.3-p327/gems/rack-1.4.1/lib/rack/handler/thin.rb:13:in `run'
	from /home/fetcher/.rvm/gems/ruby-1.9.3-p327/gems/sinatra-1.3.3/lib/sinatra/base.rb:1350:in `run!'
	from run_register.rb:3:in `<main>'
>> Thin web server (v1.5.0 codename Knife)
>> Maximum connections set to 1024
>> Listening on 0.0.0.0:4566, CTRL+C to stop
== Sinatra/1.3.3 has taken the stage on 4566 for development with backup from Thin
