[2012-12-18 15:12:27] INFO  WEBrick 1.3.1
[2012-12-18 15:12:27] INFO  ruby 1.9.3 (2012-11-10) [i686-linux]
== Sinatra/1.3.3 has taken the stage on 4567 for development with backup from WEBrick
[2012-12-18 15:12:27] INFO  WEBrick::HTTPServer#start: pid=3935 port=4567
localhost - - [18/Dec/2012:15:12:37 ART] "GET / HTTP/1.1" 200 1361
- -> /
localhost - - [18/Dec/2012:15:12:37 ART] "GET /favicon.ico HTTP/1.1" 404 447
- -> /favicon.ico
localhost - - [18/Dec/2012:15:13:00 ART] "GET / HTTP/1.1" 200 1361
- -> /
[2012-12-18 15:38:11] INFO  WEBrick 1.3.1
[2012-12-18 15:38:11] INFO  ruby 1.9.3 (2012-11-10) [i686-linux]
== Sinatra/1.3.3 has taken the stage on 4567 for development with backup from WEBrick
[2012-12-18 15:38:11] INFO  WEBrick::HTTPServer#start: pid=4188 port=4567
localhost - - [18/Dec/2012:15:38:13 ART] "GET / HTTP/1.1" 200 1361
- -> /
localhost - - [18/Dec/2012:15:38:30 ART] "GET / HTTP/1.1" 200 1361
http://localhost:4566/resultat -> /
localhost - - [18/Dec/2012:15:38:30 ART] "GET /favicon.ico HTTP/1.1" 404 447
- -> /favicon.ico
localhost - - [18/Dec/2012:15:38:35 ART] "GET /logout HTTP/1.1" 200 0
http://localhost:4567/ -> /logout
localhost - - [18/Dec/2012:15:38:35 ART] "GET /favicon.ico HTTP/1.1" 404 447
- -> /favicon.ico
localhost - - [18/Dec/2012:15:38:37 ART] "GET / HTTP/1.1" 200 1017
- -> /
localhost - - [18/Dec/2012:15:38:37 ART] "GET /favicon.ico HTTP/1.1" 404 447
- -> /favicon.ico
localhost - - [18/Dec/2012:15:38:39 ART] "GET / HTTP/1.1" 200 1017
- -> /
[2012-12-18 15:38:39] WARN  Could not determine content-length of response body. Set content-length of the response or set Response#chunked = true
localhost - - [18/Dec/2012:15:38:39 ART] "GET /css/bootstrap.css HTTP/1.1" 304 0
http://localhost:4567/ -> /css/bootstrap.css
[2012-12-18 15:38:39] WARN  Could not determine content-length of response body. Set content-length of the response or set Response#chunked = true
[2012-12-18 15:38:39] WARN  Could not determine content-length of response body. Set content-length of the response or set Response#chunked = true
localhost - - [18/Dec/2012:15:38:39 ART] "GET /js/jquery.min.js HTTP/1.1" 304 0
http://localhost:4567/ -> /js/jquery.min.js
localhost - - [18/Dec/2012:15:38:39 ART] "GET /js/bootstrap.min.js HTTP/1.1" 304 0
http://localhost:4567/ -> /js/bootstrap.min.js
[2012-12-18 15:38:39] WARN  Could not determine content-length of response body. Set content-length of the response or set Response#chunked = true
[2012-12-18 15:38:39] WARN  Could not determine content-length of response body. Set content-length of the response or set Response#chunked = true
localhost - - [18/Dec/2012:15:38:39 ART] "GET /css/stylesheet.css HTTP/1.1" 304 0
localhost - - [18/Dec/2012:15:38:39 ART] "GET /js/app.js HTTP/1.1" 304 0
http://localhost:4567/ -> /css/stylesheet.css
http://localhost:4567/ -> /js/app.js
localhost - - [18/Dec/2012:15:38:39 ART] "GET /favicon.ico HTTP/1.1" 404 447
- -> /favicon.ico
localhost - - [18/Dec/2012:15:38:39 ART] "GET / HTTP/1.1" 200 1017
- -> /
[2012-12-18 15:38:39] WARN  Could not determine content-length of response body. Set content-length of the response or set Response#chunked = true
[2012-12-18 15:38:39] WARN  Could not determine content-length of response body. Set content-length of the response or set Response#chunked = true
localhost - - [18/Dec/2012:15:38:39 ART] "GET /css/bootstrap.css HTTP/1.1" 304 0
[2012-12-18 15:38:39] WARN  Could not determine content-length of response body. Set content-length of the response or set Response#chunked = true
[2012-12-18 15:38:39] WARN  Could not determine content-length of response body. Set content-length of the response or set Response#chunked = true
localhost - - [18/Dec/2012:15:38:39 ART] "GET /css/stylesheet.css HTTP/1.1" 304 0
http://localhost:4567/ -> /css/bootstrap.css
[2012-12-18 15:38:39] WARN  Could not determine content-length of response body. Set content-length of the response or set Response#chunked = true
http://localhost:4567/ -> /css/stylesheet.css
localhost - - [18/Dec/2012:15:38:39 ART] "GET /js/bootstrap.min.js HTTP/1.1" 304 0
localhost - - [18/Dec/2012:15:38:39 ART] "GET /js/jquery.min.js HTTP/1.1" 304 0
http://localhost:4567/ -> /js/bootstrap.min.js
http://localhost:4567/ -> /js/jquery.min.js
localhost - - [18/Dec/2012:15:38:39 ART] "GET /js/app.js HTTP/1.1" 304 0
http://localhost:4567/ -> /js/app.js
localhost - - [18/Dec/2012:15:38:39 ART] "GET /favicon.ico HTTP/1.1" 404 447
- -> /favicon.ico
localhost - - [18/Dec/2012:15:38:39 ART] "GET / HTTP/1.1" 200 1017
- -> /
[2012-12-18 15:38:39] WARN  Could not determine content-length of response body. Set content-length of the response or set Response#chunked = true
[2012-12-18 15:38:39] WARN  Could not determine content-length of response body. Set content-length of the response or set Response#chunked = true
localhost - - [18/Dec/2012:15:38:39 ART] "GET /css/bootstrap.css HTTP/1.1" 304 0
http://localhost:4567/ -> /css/bootstrap.css
[2012-12-18 15:38:39] WARN  Could not determine content-length of response body. Set content-length of the response or set Response#chunked = true
[2012-12-18 15:38:39] WARN  Could not determine content-length of response body. Set content-length of the response or set Response#chunked = true
localhost - - [18/Dec/2012:15:38:39 ART] "GET /js/jquery.min.js HTTP/1.1" 304 0
[2012-12-18 15:38:39] WARN  Could not determine content-length of response body. Set content-length of the response or set Response#chunked = true
localhost - - [18/Dec/2012:15:38:39 ART] "GET /js/bootstrap.min.js HTTP/1.1" 304 0
http://localhost:4567/ -> /js/bootstrap.min.js
localhost - - [18/Dec/2012:15:38:39 ART] "GET /css/stylesheet.css HTTP/1.1" 304 0
http://localhost:4567/ -> /css/stylesheet.css
localhost - - [18/Dec/2012:15:38:39 ART] "GET /js/app.js HTTP/1.1" 304 0
http://localhost:4567/ -> /js/app.js
http://localhost:4567/ -> /js/jquery.min.js
localhost - - [18/Dec/2012:15:38:39 ART] "GET /favicon.ico HTTP/1.1" 404 447
- -> /favicon.ico
localhost - - [18/Dec/2012:15:38:39 ART] "GET / HTTP/1.1" 200 1017
- -> /
[2012-12-18 15:38:39] WARN  Could not determine content-length of response body. Set content-length of the response or set Response#chunked = true
[2012-12-18 15:38:39] WARN  Could not determine content-length of response body. Set content-length of the response or set Response#chunked = true
[2012-12-18 15:38:39] WARN  Could not determine content-length of response body. Set content-length of the response or set Response#chunked = true
localhost - - [18/Dec/2012:15:38:39 ART] "GET /js/app.js HTTP/1.1" 304 0
localhost - - [18/Dec/2012:15:38:39 ART] "GET /css/bootstrap.css HTTP/1.1" 304 0
[2012-12-18 15:38:39] WARN  Could not determine content-length of response body. Set content-length of the response or set Response#chunked = true
http://localhost:4567/ -> /css/bootstrap.css
localhost - - [18/Dec/2012:15:38:39 ART] "GET /css/stylesheet.css HTTP/1.1" 304 0
[2012-12-18 15:38:39] WARN  Could not determine content-length of response body. Set content-length of the response or set Response#chunked = true
http://localhost:4567/ -> /css/stylesheet.css
localhost - - [18/Dec/2012:15:38:39 ART] "GET /js/bootstrap.min.js HTTP/1.1" 304 0
http://localhost:4567/ -> /js/app.js
http://localhost:4567/ -> /js/bootstrap.min.js
localhost - - [18/Dec/2012:15:38:39 ART] "GET /js/jquery.min.js HTTP/1.1" 304 0
http://localhost:4567/ -> /js/jquery.min.js
localhost - - [18/Dec/2012:15:38:39 ART] "GET /favicon.ico HTTP/1.1" 404 447
- -> /favicon.ico
localhost - - [18/Dec/2012:15:38:40 ART] "GET /auth/twitter HTTP/1.1" 302 116
http://localhost:4567/ -> /auth/twitter
localhost - - [18/Dec/2012:15:38:44 ART] "GET /auth/twitter/callback?oauth_token=6oiSMQam3JxbdSq3mwi9K9tZiVQjpCyQUt8jNQ1JuU4&oauth_verifier=rVxxrwXGQ82bVnXjD6YrjFAgm6hkVzgEMZLONs5k5yU HTTP/1.1" 302 0
http://localhost:4567/ -> /auth/twitter/callback?oauth_token=6oiSMQam3JxbdSq3mwi9K9tZiVQjpCyQUt8jNQ1JuU4&oauth_verifier=rVxxrwXGQ82bVnXjD6YrjFAgm6hkVzgEMZLONs5k5yU
localhost - - [18/Dec/2012:15:38:47 ART] "GET / HTTP/1.1" 200 1361
http://localhost:4567/ -> /
localhost - - [18/Dec/2012:15:38:47 ART] "GET /favicon.ico HTTP/1.1" 404 447
- -> /favicon.ico
[2012-12-18 15:46:12] INFO  WEBrick 1.3.1
[2012-12-18 15:46:12] INFO  ruby 1.9.3 (2012-11-10) [i686-linux]
== Sinatra/1.3.3 has taken the stage on 4567 for development with backup from WEBrick
[2012-12-18 15:46:12] INFO  WEBrick::HTTPServer#start: pid=4373 port=4567
localhost - - [18/Dec/2012:15:46:18 ART] "GET / HTTP/1.1" 200 1361
- -> /
localhost - - [18/Dec/2012:15:46:31 ART] "GET / HTTP/1.1" 200 1361
http://localhost:4566/resultat -> /
localhost - - [18/Dec/2012:15:46:31 ART] "GET /favicon.ico HTTP/1.1" 404 447
- -> /favicon.ico
localhost - - [18/Dec/2012:15:46:33 ART] "GET /logout HTTP/1.1" 200 0
http://localhost:4567/ -> /logout
localhost - - [18/Dec/2012:15:46:33 ART] "GET /favicon.ico HTTP/1.1" 404 447
- -> /favicon.ico
localhost - - [18/Dec/2012:15:46:35 ART] "GET / HTTP/1.1" 200 1017
- -> /
localhost - - [18/Dec/2012:15:46:35 ART] "GET /favicon.ico HTTP/1.1" 404 447
- -> /favicon.ico
localhost - - [18/Dec/2012:15:46:36 ART] "GET / HTTP/1.1" 200 1017
- -> /
[2012-12-18 15:46:36] WARN  Could not determine content-length of response body. Set content-length of the response or set Response#chunked = true
[2012-12-18 15:46:36] WARN  Could not determine content-length of response body. Set content-length of the response or set Response#chunked = true
[2012-12-18 15:46:36] WARN  Could not determine content-length of response body. Set content-length of the response or set Response#chunked = true
localhost - - [18/Dec/2012:15:46:36 ART] "GET /css/stylesheet.css HTTP/1.1" 304 0
localhost - - [18/Dec/2012:15:46:36 ART] "GET /js/jquery.min.js HTTP/1.1" 304 0
[2012-12-18 15:46:36] WARN  Could not determine content-length of response body. Set content-length of the response or set Response#chunked = true
localhost - - [18/Dec/2012:15:46:36 ART] "GET /js/app.js HTTP/1.1" 304 0
http://localhost:4567/ -> /css/stylesheet.css
http://localhost:4567/ -> /js/jquery.min.js
[2012-12-18 15:46:36] WARN  Could not determine content-length of response body. Set content-length of the response or set Response#chunked = true
http://localhost:4567/ -> /js/app.js
localhost - - [18/Dec/2012:15:46:36 ART] "GET /css/bootstrap.css HTTP/1.1" 304 0
http://localhost:4567/ -> /css/bootstrap.css
localhost - - [18/Dec/2012:15:46:36 ART] "GET /js/bootstrap.min.js HTTP/1.1" 304 0
http://localhost:4567/ -> /js/bootstrap.min.js
localhost - - [18/Dec/2012:15:46:36 ART] "GET /favicon.ico HTTP/1.1" 404 447
- -> /favicon.ico
localhost - - [18/Dec/2012:15:46:37 ART] "GET / HTTP/1.1" 200 1017
- -> /
[2012-12-18 15:46:37] WARN  Could not determine content-length of response body. Set content-length of the response or set Response#chunked = true
localhost - - [18/Dec/2012:15:46:37 ART] "GET /css/bootstrap.css HTTP/1.1" 304 0
[2012-12-18 15:46:37] WARN  Could not determine content-length of response body. Set content-length of the response or set Response#chunked = true
http://localhost:4567/ -> /css/bootstrap.css
[2012-12-18 15:46:37] WARN  Could not determine content-length of response body. Set content-length of the response or set Response#chunked = true
localhost - - [18/Dec/2012:15:46:37 ART] "GET /css/stylesheet.css HTTP/1.1" 304 0
http://localhost:4567/ -> /css/stylesheet.css
localhost - - [18/Dec/2012:15:46:37 ART] "GET /js/jquery.min.js HTTP/1.1" 304 0
http://localhost:4567/ -> /js/jquery.min.js
[2012-12-18 15:46:37] WARN  Could not determine content-length of response body. Set content-length of the response or set Response#chunked = true
[2012-12-18 15:46:37] WARN  Could not determine content-length of response body. Set content-length of the response or set Response#chunked = true
localhost - - [18/Dec/2012:15:46:37 ART] "GET /js/bootstrap.min.js HTTP/1.1" 304 0
http://localhost:4567/ -> /js/bootstrap.min.js
localhost - - [18/Dec/2012:15:46:37 ART] "GET /js/app.js HTTP/1.1" 304 0
http://localhost:4567/ -> /js/app.js
localhost - - [18/Dec/2012:15:46:37 ART] "GET /favicon.ico HTTP/1.1" 404 447
- -> /favicon.ico
localhost - - [18/Dec/2012:15:46:37 ART] "GET /auth/twitter HTTP/1.1" 302 116
http://localhost:4567/ -> /auth/twitter
localhost - - [18/Dec/2012:15:46:41 ART] "GET /auth/twitter/callback?oauth_token=vjjPMfXqKzNY0iDDe0JmXYXaPvGto4hjoBUZ05JM5bw&oauth_verifier=J1YPtILHEyUF9MfJFDVvdlI4WFnBwBzKdKV2QoYRZo HTTP/1.1" 302 0
http://localhost:4567/ -> /auth/twitter/callback?oauth_token=vjjPMfXqKzNY0iDDe0JmXYXaPvGto4hjoBUZ05JM5bw&oauth_verifier=J1YPtILHEyUF9MfJFDVvdlI4WFnBwBzKdKV2QoYRZo
localhost - - [18/Dec/2012:15:46:44 ART] "GET / HTTP/1.1" 200 1361
http://localhost:4567/ -> /
localhost - - [18/Dec/2012:15:46:44 ART] "GET /favicon.ico HTTP/1.1" 404 447
- -> /favicon.ico
[2012-12-18 15:49:20] INFO  WEBrick 1.3.1
[2012-12-18 15:49:20] INFO  ruby 1.9.3 (2012-11-10) [i686-linux]
== Sinatra/1.3.3 has taken the stage on 4567 for development with backup from WEBrick
[2012-12-18 15:49:20] INFO  WEBrick::HTTPServer#start: pid=4495 port=4567
localhost - - [18/Dec/2012:15:49:35 ART] "GET / HTTP/1.1" 200 1361
http://localhost:4566/resultat -> /
localhost - - [18/Dec/2012:15:49:36 ART] "GET /favicon.ico HTTP/1.1" 404 447
- -> /favicon.ico
localhost - - [18/Dec/2012:15:49:37 ART] "GET /logout HTTP/1.1" 200 0
http://localhost:4567/ -> /logout
localhost - - [18/Dec/2012:15:49:37 ART] "GET /favicon.ico HTTP/1.1" 404 447
- -> /favicon.ico
localhost - - [18/Dec/2012:15:49:39 ART] "GET / HTTP/1.1" 200 1017
- -> /
localhost - - [18/Dec/2012:15:49:39 ART] "GET /favicon.ico HTTP/1.1" 404 447
- -> /favicon.ico
localhost - - [18/Dec/2012:15:49:39 ART] "GET / HTTP/1.1" 200 1017
- -> /
[2012-12-18 15:49:39] WARN  Could not determine content-length of response body. Set content-length of the response or set Response#chunked = true
localhost - - [18/Dec/2012:15:49:39 ART] "GET /css/stylesheet.css HTTP/1.1" 304 0
http://localhost:4567/ -> /css/stylesheet.css
[2012-12-18 15:49:39] WARN  Could not determine content-length of response body. Set content-length of the response or set Response#chunked = true
[2012-12-18 15:49:39] WARN  Could not determine content-length of response body. Set content-length of the response or set Response#chunked = true
[2012-12-18 15:49:39] WARN  Could not determine content-length of response body. Set content-length of the response or set Response#chunked = true
localhost - - [18/Dec/2012:15:49:39 ART] "GET /js/bootstrap.min.js HTTP/1.1" 304 0
[2012-12-18 15:49:39] WARN  Could not determine content-length of response body. Set content-length of the response or set Response#chunked = true
localhost - - [18/Dec/2012:15:49:39 ART] "GET /js/jquery.min.js HTTP/1.1" 304 0
http://localhost:4567/ -> /js/jquery.min.js
localhost - - [18/Dec/2012:15:49:39 ART] "GET /js/app.js HTTP/1.1" 304 0
http://localhost:4567/ -> /js/bootstrap.min.js
http://localhost:4567/ -> /js/app.js
localhost - - [18/Dec/2012:15:49:39 ART] "GET /css/bootstrap.css HTTP/1.1" 304 0
http://localhost:4567/ -> /css/bootstrap.css
localhost - - [18/Dec/2012:15:49:39 ART] "GET /favicon.ico HTTP/1.1" 404 447
- -> /favicon.ico
localhost - - [18/Dec/2012:15:49:41 ART] "GET /auth/twitter HTTP/1.1" 302 115
http://localhost:4567/ -> /auth/twitter
localhost - - [18/Dec/2012:15:49:49 ART] "GET /auth/twitter/callback?oauth_token=gNEPHySiV6HVU7hmEvOsV45E3szHBcebn6ikDDFjcg&oauth_verifier=XjLWrUi5Hk9JNEcEyXr4bMOddjUlQYBV7l2wOEWM HTTP/1.1" 302 0
http://localhost:4567/ -> /auth/twitter/callback?oauth_token=gNEPHySiV6HVU7hmEvOsV45E3szHBcebn6ikDDFjcg&oauth_verifier=XjLWrUi5Hk9JNEcEyXr4bMOddjUlQYBV7l2wOEWM
localhost - - [18/Dec/2012:15:49:52 ART] "GET / HTTP/1.1" 200 1361
http://localhost:4567/ -> /
localhost - - [18/Dec/2012:15:49:53 ART] "GET /favicon.ico HTTP/1.1" 404 447
- -> /favicon.ico
[2012-12-18 18:42:33] INFO  WEBrick 1.3.1
[2012-12-18 18:42:33] INFO  ruby 1.9.3 (2012-11-10) [i686-linux]
[2012-12-18 18:42:33] WARN  TCPServer Error: Address already in use - bind(2)
== Someone is already performing on port 4567!
[2012-12-18 18:44:10] INFO  WEBrick 1.3.1
[2012-12-18 18:44:10] INFO  ruby 1.9.3 (2012-11-10) [i686-linux]
== Sinatra/1.3.3 has taken the stage on 4567 for development with backup from WEBrick
[2012-12-18 18:44:10] INFO  WEBrick::HTTPServer#start: pid=6011 port=4567
localhost - - [18/Dec/2012:18:44:27 ART] "GET / HTTP/1.1" 200 1361
http://localhost:4566/resultat -> /
localhost - - [18/Dec/2012:18:44:27 ART] "GET /favicon.ico HTTP/1.1" 404 447
- -> /favicon.ico
localhost - - [18/Dec/2012:18:44:28 ART] "GET /logout HTTP/1.1" 200 0
http://localhost:4567/ -> /logout
localhost - - [18/Dec/2012:18:44:28 ART] "GET /favicon.ico HTTP/1.1" 404 447
- -> /favicon.ico
localhost - - [18/Dec/2012:18:44:30 ART] "GET / HTTP/1.1" 200 1017
- -> /
localhost - - [18/Dec/2012:18:44:30 ART] "GET /favicon.ico HTTP/1.1" 404 447
- -> /favicon.ico
localhost - - [18/Dec/2012:18:44:31 ART] "GET /auth/twitter HTTP/1.1" 302 113
http://localhost:4567/ -> /auth/twitter
localhost - - [18/Dec/2012:18:44:34 ART] "GET /auth/twitter/callback?oauth_token=MyAtghyvQ6xOjm2tGb4xWY9dWb6gcnMdbZVfwt8E&oauth_verifier=N8gfVcch7yX6eCfXgAL4JiughONl25PxN4EiElSDJEA HTTP/1.1" 302 0
http://localhost:4567/ -> /auth/twitter/callback?oauth_token=MyAtghyvQ6xOjm2tGb4xWY9dWb6gcnMdbZVfwt8E&oauth_verifier=N8gfVcch7yX6eCfXgAL4JiughONl25PxN4EiElSDJEA
localhost - - [18/Dec/2012:18:44:37 ART] "GET / HTTP/1.1" 200 1361
http://localhost:4567/ -> /
localhost - - [18/Dec/2012:18:44:37 ART] "GET /favicon.ico HTTP/1.1" 404 447
- -> /favicon.ico
[2012-12-19 18:28:11] INFO  WEBrick 1.3.1
[2012-12-19 18:28:11] INFO  ruby 1.9.3 (2012-11-10) [i686-linux]
[2012-12-19 18:28:11] WARN  TCPServer Error: Address already in use - bind(2)
== Someone is already performing on port 4567!
[2012-12-19 18:28:52] INFO  WEBrick 1.3.1
[2012-12-19 18:28:52] INFO  ruby 1.9.3 (2012-11-10) [i686-linux]
== Sinatra/1.3.3 has taken the stage on 4567 for development with backup from WEBrick
[2012-12-19 18:28:52] INFO  WEBrick::HTTPServer#start: pid=8180 port=4567
localhost - - [19/Dec/2012:18:29:08 ART] "GET / HTTP/1.1" 200 1017
- -> /
localhost - - [19/Dec/2012:18:29:08 ART] "GET /js/jquery.min.js HTTP/1.1" 200 92556
http://localhost:4567/ -> /js/jquery.min.js
localhost - - [19/Dec/2012:18:29:08 ART] "GET /css/bootstrap.css HTTP/1.1" 200 115072
http://localhost:4567/ -> /css/bootstrap.css
localhost - - [19/Dec/2012:18:29:08 ART] "GET /css/stylesheet.css HTTP/1.1" 200 631
http://localhost:4567/ -> /css/stylesheet.css
localhost - - [19/Dec/2012:18:29:08 ART] "GET /js/bootstrap.min.js HTTP/1.1" 200 25526
http://localhost:4567/ -> /js/bootstrap.min.js
localhost - - [19/Dec/2012:18:29:08 ART] "GET /js/app.js HTTP/1.1" 200 334
http://localhost:4567/ -> /js/app.js
localhost - - [19/Dec/2012:18:29:08 ART] "GET /favicon.ico HTTP/1.1" 404 447
- -> /favicon.ico
localhost - - [19/Dec/2012:18:29:08 ART] "GET /favicon.ico HTTP/1.1" 404 447
- -> /favicon.ico
localhost - - [19/Dec/2012:18:29:08 ART] "GET /auth/twitter HTTP/1.1" 302 115
http://localhost:4567/ -> /auth/twitter
localhost - - [19/Dec/2012:18:29:18 ART] "GET /auth/twitter/callback?oauth_token=gM7UDnB9run96HvaDhQfbfM5CXFsjRywOzVmoNBYQM&oauth_verifier=l5pTnQJ8DHh5oU3o6FaD6A5Cj4DFYVQY4cjy7X1w HTTP/1.1" 302 0
- -> /auth/twitter/callback?oauth_token=gM7UDnB9run96HvaDhQfbfM5CXFsjRywOzVmoNBYQM&oauth_verifier=l5pTnQJ8DHh5oU3o6FaD6A5Cj4DFYVQY4cjy7X1w
localhost - - [19/Dec/2012:18:29:21 ART] "GET / HTTP/1.1" 200 1361
- -> /
